[WARN ] <2019-08-16 19:10:44,044> at [org.mybatis.logging.Logger.warn] | click goto-> (Logger.java:44) - No MyBatis mapper was found in '[com.qmtec.agent.dao]' package. Please check your configuration.
[WARN ] <2019-08-16 19:10:44,044> at [org.springframework.context.annotation.ConfigurationClassPostProcessor.enhanceConfigurationClasses] | click goto-> (ConfigurationClassPostProcessor.java:381) - Cannot enhance @Configuration bean definition 'myBatisMapperScannerConfig' since its singleton instance has been created too early. The typical cause is a non-static @Bean method with a BeanDefinitionRegistryPostProcessor return type: Consider declaring such methods as 'static'.
[WARN ] <2019-08-16 19:10:49,049> at [org.thymeleaf.templatemode.TemplateMode.parse] | click goto-> (TemplateMode.java:150) - [THYMELEAF][main] Template Mode 'LEGACYHTML5' is deprecated. Using Template Mode 'HTML' instead.
[WARN ] <2019-08-16 19:11:51,051> at [org.mybatis.logging.Logger.warn] | click goto-> (Logger.java:44) - No MyBatis mapper was found in '[com.qmtec.agent.dao]' package. Please check your configuration.
[WARN ] <2019-08-16 19:11:51,051> at [org.springframework.context.annotation.ConfigurationClassPostProcessor.enhanceConfigurationClasses] | click goto-> (ConfigurationClassPostProcessor.java:381) - Cannot enhance @Configuration bean definition 'myBatisMapperScannerConfig' since its singleton instance has been created too early. The typical cause is a non-static @Bean method with a BeanDefinitionRegistryPostProcessor return type: Consider declaring such methods as 'static'.
[WARN ] <2019-08-16 19:11:55,055> at [org.thymeleaf.templatemode.TemplateMode.parse] | click goto-> (TemplateMode.java:150) - [THYMELEAF][main] Template Mode 'LEGACYHTML5' is deprecated. Using Template Mode 'HTML' instead.
[WARN ] <2019-08-16 19:11:56,056> at [com.zaxxer.hikari.util.DriverDataSource.<init>] | click goto-> (DriverDataSource.java:68) - Registered driver with driverClassName=com.mysql.jdbc.Driver was not found, trying direct instantiation.
[WARN ] <2019-08-16 19:12:13,013> at [org.springframework.web.servlet.handler.AbstractHandlerExceptionResolver.resolveException] | click goto-> (AbstractHandlerExceptionResolver.java:140) - Resolved [com.qmtec.common.exception.CustomException: 查询失败]
[WARN ] <2019-08-16 19:12:13,013> at [org.springframework.web.servlet.handler.AbstractHandlerExceptionResolver.resolveException] | click goto-> (AbstractHandlerExceptionResolver.java:140) - Resolved [com.qmtec.common.exception.CustomException: 查询失败]
[WARN ] <2019-08-16 19:24:51,051> at [org.mybatis.logging.Logger.warn] | click goto-> (Logger.java:44) - No MyBatis mapper was found in '[com.qmtec.agent.dao]' package. Please check your configuration.
[WARN ] <2019-08-16 19:24:51,051> at [org.springframework.context.annotation.ConfigurationClassPostProcessor.enhanceConfigurationClasses] | click goto-> (ConfigurationClassPostProcessor.java:381) - Cannot enhance @Configuration bean definition 'myBatisMapperScannerConfig' since its singleton instance has been created too early. The typical cause is a non-static @Bean method with a BeanDefinitionRegistryPostProcessor return type: Consider declaring such methods as 'static'.
[WARN ] <2019-08-16 19:24:56,056> at [org.thymeleaf.templatemode.TemplateMode.parse] | click goto-> (TemplateMode.java:150) - [THYMELEAF][main] Template Mode 'LEGACYHTML5' is deprecated. Using Template Mode 'HTML' instead.
[WARN ] <2019-08-16 19:24:57,057> at [com.zaxxer.hikari.util.DriverDataSource.<init>] | click goto-> (DriverDataSource.java:68) - Registered driver with driverClassName=com.mysql.jdbc.Driver was not found, trying direct instantiation.
[WARN ] <2019-08-16 19:25:23,023> at [org.springframework.web.servlet.handler.AbstractHandlerExceptionResolver.resolveException] | click goto-> (AbstractHandlerExceptionResolver.java:140) - Resolved [com.qmtec.common.exception.CustomException: 查询失败]
[WARN ] <2019-08-16 19:25:23,023> at [org.springframework.web.servlet.handler.AbstractHandlerExceptionResolver.resolveException] | click goto-> (AbstractHandlerExceptionResolver.java:140) - Resolved [com.qmtec.common.exception.CustomException: 查询失败]
[WARN ] <2019-08-16 19:26:39,039> at [org.mybatis.logging.Logger.warn] | click goto-> (Logger.java:44) - No MyBatis mapper was found in '[com.qmtec.agent.dao]' package. Please check your configuration.
[WARN ] <2019-08-16 19:26:39,039> at [org.springframework.context.annotation.ConfigurationClassPostProcessor.enhanceConfigurationClasses] | click goto-> (ConfigurationClassPostProcessor.java:381) - Cannot enhance @Configuration bean definition 'myBatisMapperScannerConfig' since its singleton instance has been created too early. The typical cause is a non-static @Bean method with a BeanDefinitionRegistryPostProcessor return type: Consider declaring such methods as 'static'.
[WARN ] <2019-08-16 19:26:44,044> at [org.thymeleaf.templatemode.TemplateMode.parse] | click goto-> (TemplateMode.java:150) - [THYMELEAF][main] Template Mode 'LEGACYHTML5' is deprecated. Using Template Mode 'HTML' instead.
[WARN ] <2019-08-16 19:26:45,045> at [com.zaxxer.hikari.util.DriverDataSource.<init>] | click goto-> (DriverDataSource.java:68) - Registered driver with driverClassName=com.mysql.jdbc.Driver was not found, trying direct instantiation.
[WARN ] <2019-08-16 19:26:58,058> at [org.springframework.web.servlet.handler.AbstractHandlerExceptionResolver.resolveException] | click goto-> (AbstractHandlerExceptionResolver.java:140) - Resolved [com.qmtec.common.exception.CustomException: 查询失败]
[WARN ] <2019-08-16 19:26:58,058> at [org.springframework.web.servlet.handler.AbstractHandlerExceptionResolver.resolveException] | click goto-> (AbstractHandlerExceptionResolver.java:140) - Resolved [com.qmtec.common.exception.CustomException: 查询失败]
[WARN ] <2019-08-16 19:29:39,039> at [org.mybatis.logging.Logger.warn] | click goto-> (Logger.java:44) - No MyBatis mapper was found in '[com.qmtec.agent.dao]' package. Please check your configuration.
[WARN ] <2019-08-16 19:29:39,039> at [org.springframework.context.annotation.ConfigurationClassPostProcessor.enhanceConfigurationClasses] | click goto-> (ConfigurationClassPostProcessor.java:381) - Cannot enhance @Configuration bean definition 'myBatisMapperScannerConfig' since its singleton instance has been created too early. The typical cause is a non-static @Bean method with a BeanDefinitionRegistryPostProcessor return type: Consider declaring such methods as 'static'.
[WARN ] <2019-08-16 19:29:43,043> at [org.thymeleaf.templatemode.TemplateMode.parse] | click goto-> (TemplateMode.java:150) - [THYMELEAF][main] Template Mode 'LEGACYHTML5' is deprecated. Using Template Mode 'HTML' instead.
[WARN ] <2019-08-16 19:29:44,044> at [com.zaxxer.hikari.util.DriverDataSource.<init>] | click goto-> (DriverDataSource.java:68) - Registered driver with driverClassName=com.mysql.jdbc.Driver was not found, trying direct instantiation.
[WARN ] <2019-08-16 19:29:58,058> at [com.zaxxer.hikari.util.DriverDataSource.<init>] | click goto-> (DriverDataSource.java:68) - Registered driver with driverClassName=com.mysql.jdbc.Driver was not found, trying direct instantiation.
